<persistence xmlns="http://java.sun.com/xml/ns/persistence"
    xmlns:xsi="http://www.w3.org/2001/XMLSchema-instance"
    xsi:schemaLocation="http://java.sun.com/xml/ns/persistence
            http://java.sun.com/xml/ns/persistence/persistence_2_0.xsd"
    version="2.0">
 
    <persistence-unit name="test" transaction-type="RESOURCE_LOCAL">
        <provider>org.hibernate.jpa.HibernatePersistenceProvider</provider>
        	<class>com.csc.order.dao.entity.ContragentEntity</class>
            <class>com.csc.order.dao.entity.CompanyEntity</class>
            <class>com.csc.order.dao.entity.InvoiceEntity</class>
            <class>com.csc.order.dao.entity.InvoiceItemEntity</class>
            <class>com.csc.order.dao.entity.UnitEntity</class>
            <class>com.csc.order.dao.entity.ProductEntity</class>
            <class>com.csc.order.dao.entity.ProductTypeEntity</class>
            <class>com.csc.order.dao.entity.PaymentEntity</class>
            <class>com.csc.order.dao.entity.PaymentTypeEntity</class>
            <class>com.csc.order.dao.entity.EmployeeEntity</class>
            <class>com.csc.order.dao.entity.InvoiceNumberCounterEntity</class>
        <properties>
              

            <!-- <property name="hibernate.connection.url" value="jdbc:mysql://cscbgrae592186:3306/invoice" />

            <property name="hibernate.connection.url" value="jdbc:mysql://cscbgrae592186/invoice" />

            <property name="hibernate.connection.driver_class" value="com.mysql.jdbc.Driver" />
            <property name="hibernate.connection.username" value="invoiceuser" />
            <property name="hibernate.connection.password" value="Welcome9!" /> -->
           
            <property name="javax.persistence.jdbc.driver" value="org.hsqldb.jdbcDriver" />
            <property name="javax.persistence.jdbc.url" value="jdbc:hsqldb:mem:unit-testing-jpa" />
            <property name="javax.persistence.jdbc.user" value="sa" />
            <property name="javax.persistence.jdbc.password" value="" />
            <property name="hibernate.dialect" value="org.hibernate.dialect.HSQLDialect" />
            <property name="hibernate.hbm2ddl.auto" value="create-drop" />
            
            <property name="hibernate.show_sql" value="false" />         
            <property name="hibernate.enable_lazy_load_no_trans" value="false"/>    
            <property name="hibernate.max_fetch_depth" value="3" />
            <property name="hibernate.default_batch_fetch_size" value="16" />
            <property name="hibernate.jdbc.batch_size" value="20" />
            <property name="hibernate.cache.use_second_level_cache" value="false" />
            <property name="hibernate.generate_statistics" value="false" />
            <!--
            <property name="hibernate.c3p0.min_size" value="5" />
            <property name="hibernate.c3p0.max_size" value="2000" />
            <property name="hibernate.c3p0.timeout" value="300" />
            <property name="hibernate.c3p0.max_statements" value="5000" />
            <property name="hibernate.c3p0.idle_test_period" value="3000" />
             -->
        </properties>
    </persistence-unit>
</persistence>